<?xml version="1.0" encoding="UTF-8"?>
<testng-results total="1" passed="1" failed="0" skipped="0">
  <reporter-output>
  </reporter-output>
  <suite started-at="2020-01-25T06:22:57Z" name="Default suite" finished-at="2020-01-25T06:23:21Z" duration-ms="23847">
    <groups>
    </groups>
    <test started-at="2020-01-25T06:22:57Z" name="Default test" finished-at="2020-01-25T06:23:21Z" duration-ms="23847">
      <class name="login.usercreationlogin">
        <test-method is-config="true" signature="beforetest()[pri:0, instance:login.usercreationlogin@1d548a08]" started-at="2020-01-25T11:52:57Z" name="beforetest" finished-at="2020-01-25T11:53:18Z" duration-ms="20354" status="PASS">
          <reporter-output>
          </reporter-output>
        </test-method> <!-- beforetest -->
        <test-method signature="usercreationlogin()[pri:0, instance:login.usercreationlogin@1d548a08]" started-at="2020-01-25T11:53:18Z" name="usercreationlogin" finished-at="2020-01-25T11:53:21Z" duration-ms="3466" status="PASS">
          <reporter-output>
          </reporter-output>
        </test-method> <!-- usercreationlogin -->
        <test-method is-config="true" signature="aftertest()[pri:0, instance:login.usercreationlogin@1d548a08]" started-at="2020-01-25T11:53:21Z" name="aftertest" finished-at="2020-01-25T11:53:21Z" duration-ms="3" status="PASS">
          <reporter-output>
          </reporter-output>
        </test-method> <!-- aftertest -->
      </class> <!-- login.usercreationlogin -->
    </test> <!-- Default test -->
  </suite> <!-- Default suite -->
</testng-results>
